<?xml version="1.0" encoding="UTF-8"?>
<!-- Generated by org.testng.reporters.JUnitReportReporter -->
<testsuite skipped="0" hostname="AGKRAJU" name="com.mycompany.app.my_app.APITest" tests="2" failures="0" timestamp="10 Jul 2019 07:36:56 GMT" time="0.000" errors="0">
  <testcase name="login" time="0.000" classname="com.mycompany.app.my_app.APITest"/>
  <testcase name="purchase" time="0.000" classname="com.mycompany.app.my_app.APITest"/>
</testsuite> <!-- com.mycompany.app.my_app.APITest -->
